2025-08-01 11:05:19 INFO  - HV000001: Hibernate Validator 8.0.2.Final
2025-08-01 11:05:19 INFO  - Starting EduappApplication using Java 17.0.14 with PID 24488 (C:\Users\Petros.DESKTOP-T318MTU\IdeaProjects\eduapp\build\classes\java\main started by Petros in C:\Users\Petros.DESKTOP-T318MTU\IdeaProjects\eduapp)
2025-08-01 11:05:19 INFO  - The following 1 profile is active: "dev"
2025-08-01 11:05:19 INFO  - Devtools property defaults active! Set 'spring.devtools.add-properties' to 'false' to disable
2025-08-01 11:05:19 INFO  - For additional web related logging consider setting the 'logging.level.web' property to 'DEBUG'
2025-08-01 11:05:19 INFO  - Bootstrapping Spring Data JPA repositories in DEFAULT mode.
2025-08-01 11:05:19 INFO  - Finished Spring Data repository scanning in 31 ms. Found 7 JPA repository interfaces.
2025-08-01 11:05:20 INFO  - Tomcat initialized with port 8080 (http)
2025-08-01 11:05:20 INFO  - Root WebApplicationContext: initialization completed in 750 ms
2025-08-01 11:05:20 INFO  - HHH000412: Hibernate ORM core version 6.6.22.Final
2025-08-01 11:05:20 INFO  - HHH000026: Second-level cache disabled
2025-08-01 11:05:20 INFO  - No LoadTimeWeaver setup: ignoring JPA class transformer
2025-08-01 11:05:20 WARN  - HHH90000025: MySQLDialect does not need to be specified explicitly using 'hibernate.dialect' (remove the property setting and it will be selected by default)
2025-08-01 11:05:20 INFO  - HHH10001005: Database info:
	Database JDBC URL [Connecting through datasource 'HikariDataSource (HikariPool-1)']
	Database driver: undefined/unknown
	Database version: 8.0.41
	Autocommit mode: undefined/unknown
	Isolation level: undefined/unknown
	Minimum pool size: undefined/unknown
	Maximum pool size: undefined/unknown
2025-08-01 11:05:21 INFO  - HHH000489: No JTA platform available (set 'hibernate.transaction.jta.platform' to enable JTA platform integration)
2025-08-01 11:05:21 INFO  - Initialized JPA EntityManagerFactory for persistence unit 'default'
2025-08-01 11:05:21 INFO  - Global AuthenticationManager configured with AuthenticationProvider bean with name authenticationProvider
2025-08-01 11:05:21 INFO  - LiveReload server is running on port 35729
2025-08-01 11:05:21 INFO  - Tomcat started on port 8080 (http) with context path '/'
2025-08-01 11:05:21 INFO  - Started EduappApplication in 2.582 seconds (process running for 2.771)
