2025-08-01 11:05:20 DEBUG com.zaxxer.hikari.HikariConfig - Class com.mysql.cj.jdbc.Driver found in Thread context class loader TomcatEmbeddedWebappClassLoader
  context: ROOT
  delegate: true
----------> Parent Classloader:
org.springframework.boot.devtools.restart.classloader.RestartClassLoader@61187c2b

2025-08-01 11:05:20 DEBUG com.zaxxer.hikari.HikariConfig - HikariPool-1 - configuration:
2025-08-01 11:05:20 DEBUG com.zaxxer.hikari.HikariConfig - allowPoolSuspension.............false
2025-08-01 11:05:20 DEBUG com.zaxxer.hikari.HikariConfig - autoCommit......................true
2025-08-01 11:05:20 DEBUG com.zaxxer.hikari.HikariConfig - catalog.........................none
2025-08-01 11:05:20 DEBUG com.zaxxer.hikari.HikariConfig - connectionInitSql...............none
2025-08-01 11:05:20 DEBUG com.zaxxer.hikari.HikariConfig - connectionTestQuery.............none
2025-08-01 11:05:20 DEBUG com.zaxxer.hikari.HikariConfig - connectionTimeout...............30000
2025-08-01 11:05:20 DEBUG com.zaxxer.hikari.HikariConfig - credentials.....................com.zaxxer.hikari.util.Credentials@534f090b
2025-08-01 11:05:20 DEBUG com.zaxxer.hikari.HikariConfig - dataSource......................none
2025-08-01 11:05:20 DEBUG com.zaxxer.hikari.HikariConfig - dataSourceClassName.............none
2025-08-01 11:05:20 DEBUG com.zaxxer.hikari.HikariConfig - dataSourceJNDI..................none
2025-08-01 11:05:20 DEBUG com.zaxxer.hikari.HikariConfig - dataSourceProperties............{password=<masked>}
2025-08-01 11:05:20 DEBUG com.zaxxer.hikari.HikariConfig - driverClassName................."com.mysql.cj.jdbc.Driver"
2025-08-01 11:05:20 DEBUG com.zaxxer.hikari.HikariConfig - exceptionOverride...............none
2025-08-01 11:05:20 DEBUG com.zaxxer.hikari.HikariConfig - exceptionOverrideClassName......none
2025-08-01 11:05:20 DEBUG com.zaxxer.hikari.HikariConfig - healthCheckProperties...........{}
2025-08-01 11:05:20 DEBUG com.zaxxer.hikari.HikariConfig - healthCheckRegistry.............none
2025-08-01 11:05:20 DEBUG com.zaxxer.hikari.HikariConfig - idleTimeout.....................600000
2025-08-01 11:05:20 DEBUG com.zaxxer.hikari.HikariConfig - initializationFailTimeout.......1
2025-08-01 11:05:20 DEBUG com.zaxxer.hikari.HikariConfig - isolateInternalQueries..........false
2025-08-01 11:05:20 DEBUG com.zaxxer.hikari.HikariConfig - jdbcUrl.........................jdbc:mysql://localhost:3306/edudb8?serverTimezone=UTC
2025-08-01 11:05:20 DEBUG com.zaxxer.hikari.HikariConfig - keepaliveTime...................120000
2025-08-01 11:05:20 DEBUG com.zaxxer.hikari.HikariConfig - leakDetectionThreshold..........0
2025-08-01 11:05:20 DEBUG com.zaxxer.hikari.HikariConfig - maxLifetime.....................1800000
2025-08-01 11:05:20 DEBUG com.zaxxer.hikari.HikariConfig - maximumPoolSize.................10
2025-08-01 11:05:20 DEBUG com.zaxxer.hikari.HikariConfig - metricRegistry..................none
2025-08-01 11:05:20 DEBUG com.zaxxer.hikari.HikariConfig - metricsTrackerFactory...........none
2025-08-01 11:05:20 DEBUG com.zaxxer.hikari.HikariConfig - minimumIdle.....................10
2025-08-01 11:05:20 DEBUG com.zaxxer.hikari.HikariConfig - password........................<masked>
2025-08-01 11:05:20 DEBUG com.zaxxer.hikari.HikariConfig - poolName........................"HikariPool-1"
2025-08-01 11:05:20 DEBUG com.zaxxer.hikari.HikariConfig - readOnly........................false
2025-08-01 11:05:20 DEBUG com.zaxxer.hikari.HikariConfig - registerMbeans..................false
2025-08-01 11:05:20 DEBUG com.zaxxer.hikari.HikariConfig - scheduledExecutor...............none
2025-08-01 11:05:20 DEBUG com.zaxxer.hikari.HikariConfig - schema..........................none
2025-08-01 11:05:20 DEBUG com.zaxxer.hikari.HikariConfig - threadFactory...................internal
2025-08-01 11:05:20 DEBUG com.zaxxer.hikari.HikariConfig - transactionIsolation............default
2025-08-01 11:05:20 DEBUG com.zaxxer.hikari.HikariConfig - username........................"user8"
2025-08-01 11:05:20 DEBUG com.zaxxer.hikari.HikariConfig - validationTimeout...............5000
2025-08-01 11:05:20 INFO  com.zaxxer.hikari.HikariDataSource - HikariPool-1 - Starting...
2025-08-01 11:05:20 DEBUG com.zaxxer.hikari.pool.PoolBase - HikariPool-1 - Attempting to create/setup new connection (2c5fe4b8-ef6c-485a-be4d-78618b0670df)
2025-08-01 11:05:20 DEBUG com.zaxxer.hikari.pool.PoolBase - HikariPool-1 - Established new connection (2c5fe4b8-ef6c-485a-be4d-78618b0670df)
2025-08-01 11:05:20 INFO  com.zaxxer.hikari.pool.HikariPool - HikariPool-1 - Added connection com.mysql.cj.jdbc.ConnectionImpl@5fdafbfb
2025-08-01 11:05:20 INFO  com.zaxxer.hikari.HikariDataSource - HikariPool-1 - Start completed.
2025-08-01 11:05:20 DEBUG com.zaxxer.hikari.pool.HikariPool - HikariPool-1 - Pool stats (total=1/10, idle=1/10, active=0, waiting=0)
2025-08-01 11:05:20 DEBUG com.zaxxer.hikari.pool.PoolBase - HikariPool-1 - Attempting to create/setup new connection (056eaeec-727b-43ae-8a58-0edca752680a)
2025-08-01 11:05:20 DEBUG com.zaxxer.hikari.pool.PoolBase - HikariPool-1 - Established new connection (056eaeec-727b-43ae-8a58-0edca752680a)
2025-08-01 11:05:20 DEBUG com.zaxxer.hikari.pool.HikariPool - HikariPool-1 - Added connection com.mysql.cj.jdbc.ConnectionImpl@3cbcf747
2025-08-01 11:05:20 DEBUG com.zaxxer.hikari.pool.HikariPool - HikariPool-1 - After adding stats (total=2/10, idle=2/10, active=0, waiting=0)
2025-08-01 11:05:20 DEBUG com.zaxxer.hikari.pool.PoolBase - HikariPool-1 - Attempting to create/setup new connection (b2e6ab6a-5859-4731-b2b5-fdb0f19126b3)
2025-08-01 11:05:20 DEBUG com.zaxxer.hikari.pool.PoolBase - HikariPool-1 - Established new connection (b2e6ab6a-5859-4731-b2b5-fdb0f19126b3)
2025-08-01 11:05:20 DEBUG com.zaxxer.hikari.pool.HikariPool - HikariPool-1 - Added connection com.mysql.cj.jdbc.ConnectionImpl@5c930808
2025-08-01 11:05:20 DEBUG com.zaxxer.hikari.pool.HikariPool - HikariPool-1 - After adding stats (total=3/10, idle=3/10, active=0, waiting=0)
2025-08-01 11:05:20 DEBUG com.zaxxer.hikari.pool.PoolBase - HikariPool-1 - Attempting to create/setup new connection (891ddef0-40f8-40e7-a44e-c54f1639d87f)
2025-08-01 11:05:20 DEBUG com.zaxxer.hikari.pool.PoolBase - HikariPool-1 - Established new connection (891ddef0-40f8-40e7-a44e-c54f1639d87f)
2025-08-01 11:05:20 DEBUG com.zaxxer.hikari.pool.HikariPool - HikariPool-1 - Added connection com.mysql.cj.jdbc.ConnectionImpl@6d7e6934
2025-08-01 11:05:20 DEBUG com.zaxxer.hikari.pool.HikariPool - HikariPool-1 - After adding stats (total=4/10, idle=4/10, active=0, waiting=0)
2025-08-01 11:05:20 DEBUG com.zaxxer.hikari.pool.PoolBase - HikariPool-1 - Attempting to create/setup new connection (bfcf2da7-3e86-48a2-9035-4f2e61017e56)
2025-08-01 11:05:20 DEBUG com.zaxxer.hikari.pool.PoolBase - HikariPool-1 - Established new connection (bfcf2da7-3e86-48a2-9035-4f2e61017e56)
2025-08-01 11:05:20 DEBUG com.zaxxer.hikari.pool.HikariPool - HikariPool-1 - Added connection com.mysql.cj.jdbc.ConnectionImpl@58dd3032
2025-08-01 11:05:20 DEBUG com.zaxxer.hikari.pool.HikariPool - HikariPool-1 - After adding stats (total=5/10, idle=5/10, active=0, waiting=0)
2025-08-01 11:05:20 DEBUG com.zaxxer.hikari.pool.PoolBase - HikariPool-1 - Attempting to create/setup new connection (560cfda4-8227-40c2-a063-ca6c776b9cbe)
2025-08-01 11:05:20 DEBUG com.zaxxer.hikari.pool.PoolBase - HikariPool-1 - Established new connection (560cfda4-8227-40c2-a063-ca6c776b9cbe)
2025-08-01 11:05:20 DEBUG com.zaxxer.hikari.pool.HikariPool - HikariPool-1 - Added connection com.mysql.cj.jdbc.ConnectionImpl@1deba432
2025-08-01 11:05:20 DEBUG com.zaxxer.hikari.pool.HikariPool - HikariPool-1 - After adding stats (total=6/10, idle=6/10, active=0, waiting=0)
2025-08-01 11:05:20 DEBUG com.zaxxer.hikari.pool.PoolBase - HikariPool-1 - Attempting to create/setup new connection (dbf29122-a200-4d76-830a-3f572f4dc0f3)
2025-08-01 11:05:20 DEBUG com.zaxxer.hikari.pool.PoolBase - HikariPool-1 - Established new connection (dbf29122-a200-4d76-830a-3f572f4dc0f3)
2025-08-01 11:05:20 DEBUG com.zaxxer.hikari.pool.HikariPool - HikariPool-1 - Added connection com.mysql.cj.jdbc.ConnectionImpl@65422c83
2025-08-01 11:05:20 DEBUG com.zaxxer.hikari.pool.HikariPool - HikariPool-1 - After adding stats (total=7/10, idle=7/10, active=0, waiting=0)
2025-08-01 11:05:20 DEBUG com.zaxxer.hikari.pool.PoolBase - HikariPool-1 - Attempting to create/setup new connection (a6ea26f7-1baf-47fb-aa75-e0524596f077)
2025-08-01 11:05:20 DEBUG com.zaxxer.hikari.pool.PoolBase - HikariPool-1 - Established new connection (a6ea26f7-1baf-47fb-aa75-e0524596f077)
2025-08-01 11:05:20 DEBUG com.zaxxer.hikari.pool.HikariPool - HikariPool-1 - Added connection com.mysql.cj.jdbc.ConnectionImpl@344ea560
2025-08-01 11:05:20 DEBUG com.zaxxer.hikari.pool.HikariPool - HikariPool-1 - After adding stats (total=8/10, idle=8/10, active=0, waiting=0)
2025-08-01 11:05:20 DEBUG com.zaxxer.hikari.pool.PoolBase - HikariPool-1 - Attempting to create/setup new connection (9b6d6526-40b4-42e5-aa48-7dde6e3213fb)
2025-08-01 11:05:20 DEBUG com.zaxxer.hikari.pool.PoolBase - HikariPool-1 - Established new connection (9b6d6526-40b4-42e5-aa48-7dde6e3213fb)
2025-08-01 11:05:20 DEBUG com.zaxxer.hikari.pool.HikariPool - HikariPool-1 - Added connection com.mysql.cj.jdbc.ConnectionImpl@6acd3363
2025-08-01 11:05:20 DEBUG com.zaxxer.hikari.pool.HikariPool - HikariPool-1 - After adding stats (total=9/10, idle=9/10, active=0, waiting=0)
2025-08-01 11:05:20 DEBUG com.zaxxer.hikari.pool.PoolBase - HikariPool-1 - Attempting to create/setup new connection (86b9f408-7df3-4ecf-86c5-e490000d1a8b)
2025-08-01 11:05:20 DEBUG com.zaxxer.hikari.pool.PoolBase - HikariPool-1 - Established new connection (86b9f408-7df3-4ecf-86c5-e490000d1a8b)
2025-08-01 11:05:20 DEBUG com.zaxxer.hikari.pool.HikariPool - HikariPool-1 - Added connection com.mysql.cj.jdbc.ConnectionImpl@7d54b72a
2025-08-01 11:05:21 DEBUG com.zaxxer.hikari.pool.HikariPool - HikariPool-1 - After adding stats (total=10/10, idle=10/10, active=0, waiting=0)
2025-09-01 19:05:41 DEBUG com.zaxxer.hikari.HikariConfig - Class com.mysql.cj.jdbc.Driver found in Thread context class loader TomcatEmbeddedWebappClassLoader
  context: ROOT
  delegate: true
----------> Parent Classloader:
org.springframework.boot.devtools.restart.classloader.RestartClassLoader@70c88bfe

2025-09-01 19:05:43 DEBUG com.zaxxer.hikari.HikariConfig - HikariPool-1 - configuration:
2025-09-01 19:05:43 DEBUG com.zaxxer.hikari.HikariConfig - allowPoolSuspension.............false
2025-09-01 19:05:43 DEBUG com.zaxxer.hikari.HikariConfig - autoCommit......................true
2025-09-01 19:05:43 DEBUG com.zaxxer.hikari.HikariConfig - catalog.........................none
2025-09-01 19:05:43 DEBUG com.zaxxer.hikari.HikariConfig - connectionInitSql...............none
2025-09-01 19:05:43 DEBUG com.zaxxer.hikari.HikariConfig - connectionTestQuery.............none
2025-09-01 19:05:43 DEBUG com.zaxxer.hikari.HikariConfig - connectionTimeout...............30000
2025-09-01 19:05:43 DEBUG com.zaxxer.hikari.HikariConfig - credentials.....................com.zaxxer.hikari.util.Credentials@ba97ee2
2025-09-01 19:05:43 DEBUG com.zaxxer.hikari.HikariConfig - dataSource......................none
2025-09-01 19:05:43 DEBUG com.zaxxer.hikari.HikariConfig - dataSourceClassName.............none
2025-09-01 19:05:43 DEBUG com.zaxxer.hikari.HikariConfig - dataSourceJNDI..................none
2025-09-01 19:05:43 DEBUG com.zaxxer.hikari.HikariConfig - dataSourceProperties............{password=<masked>}
2025-09-01 19:05:43 DEBUG com.zaxxer.hikari.HikariConfig - driverClassName................."com.mysql.cj.jdbc.Driver"
2025-09-01 19:05:43 DEBUG com.zaxxer.hikari.HikariConfig - exceptionOverride...............none
2025-09-01 19:05:43 DEBUG com.zaxxer.hikari.HikariConfig - exceptionOverrideClassName......none
2025-09-01 19:05:43 DEBUG com.zaxxer.hikari.HikariConfig - healthCheckProperties...........{}
2025-09-01 19:05:43 DEBUG com.zaxxer.hikari.HikariConfig - healthCheckRegistry.............none
2025-09-01 19:05:43 DEBUG com.zaxxer.hikari.HikariConfig - idleTimeout.....................600000
2025-09-01 19:05:43 DEBUG com.zaxxer.hikari.HikariConfig - initializationFailTimeout.......1
2025-09-01 19:05:43 DEBUG com.zaxxer.hikari.HikariConfig - isolateInternalQueries..........false
2025-09-01 19:05:43 DEBUG com.zaxxer.hikari.HikariConfig - jdbcUrl.........................jdbc:mysql://https://195.251.211.5:3306/edudb8?serverTimezone=UTC
2025-09-01 19:05:43 DEBUG com.zaxxer.hikari.HikariConfig - keepaliveTime...................120000
2025-09-01 19:05:43 DEBUG com.zaxxer.hikari.HikariConfig - leakDetectionThreshold..........0
2025-09-01 19:05:43 DEBUG com.zaxxer.hikari.HikariConfig - maxLifetime.....................1800000
2025-09-01 19:05:43 DEBUG com.zaxxer.hikari.HikariConfig - maximumPoolSize.................10
2025-09-01 19:05:43 DEBUG com.zaxxer.hikari.HikariConfig - metricRegistry..................none
2025-09-01 19:05:43 DEBUG com.zaxxer.hikari.HikariConfig - metricsTrackerFactory...........none
2025-09-01 19:05:43 DEBUG com.zaxxer.hikari.HikariConfig - minimumIdle.....................10
2025-09-01 19:05:43 DEBUG com.zaxxer.hikari.HikariConfig - password........................<masked>
2025-09-01 19:05:43 DEBUG com.zaxxer.hikari.HikariConfig - poolName........................"HikariPool-1"
2025-09-01 19:05:43 DEBUG com.zaxxer.hikari.HikariConfig - readOnly........................false
2025-09-01 19:05:43 DEBUG com.zaxxer.hikari.HikariConfig - registerMbeans..................false
2025-09-01 19:05:43 DEBUG com.zaxxer.hikari.HikariConfig - scheduledExecutor...............none
2025-09-01 19:05:43 DEBUG com.zaxxer.hikari.HikariConfig - schema..........................none
2025-09-01 19:05:43 DEBUG com.zaxxer.hikari.HikariConfig - threadFactory...................internal
2025-09-01 19:05:43 DEBUG com.zaxxer.hikari.HikariConfig - transactionIsolation............default
2025-09-01 19:05:43 DEBUG com.zaxxer.hikari.HikariConfig - username........................"user8"
2025-09-01 19:05:43 DEBUG com.zaxxer.hikari.HikariConfig - validationTimeout...............5000
2025-09-01 19:05:43 INFO  com.zaxxer.hikari.HikariDataSource - HikariPool-1 - Starting...
2025-09-01 19:05:43 DEBUG com.zaxxer.hikari.pool.PoolBase - HikariPool-1 - Attempting to create/setup new connection (81ec0967-480b-43fe-9544-71500835c123)
2025-09-01 19:05:43 DEBUG com.zaxxer.hikari.pool.PoolBase - HikariPool-1 - Failed to create/setup connection (81ec0967-480b-43fe-9544-71500835c123): Cannot load connection class because of underlying exception: com.mysql.cj.exceptions.WrongArgumentException: Malformed database URL, failed to parse the main URL sections.
2025-09-01 19:05:43 DEBUG com.zaxxer.hikari.pool.HikariPool - HikariPool-1 - Cannot acquire connection from data source
java.sql.SQLNonTransientConnectionException: Cannot load connection class because of underlying exception: com.mysql.cj.exceptions.WrongArgumentException: Malformed database URL, failed to parse the main URL sections.
	at com.mysql.cj.jdbc.exceptions.SQLError.createSQLException(SQLError.java:102)
	at com.mysql.cj.jdbc.exceptions.SQLError.createSQLException(SQLError.java:89)
	at com.mysql.cj.jdbc.exceptions.SQLError.createSQLException(SQLError.java:81)
	at com.mysql.cj.jdbc.exceptions.SQLError.createSQLException(SQLError.java:55)
	at com.mysql.cj.jdbc.exceptions.SQLError.createSQLException(SQLError.java:65)
	at com.mysql.cj.jdbc.exceptions.SQLExceptionsMapping.translateException(SQLExceptionsMapping.java:70)
	at com.mysql.cj.jdbc.exceptions.SQLExceptionsMapping.translateException(SQLExceptionsMapping.java:123)
	at com.mysql.cj.jdbc.NonRegisteringDriver.connect(NonRegisteringDriver.java:203)
	at com.zaxxer.hikari.util.DriverDataSource.getConnection(DriverDataSource.java:144)
	at com.zaxxer.hikari.pool.PoolBase.newConnection(PoolBase.java:368)
	at com.zaxxer.hikari.pool.PoolBase.newPoolEntry(PoolBase.java:205)
	at com.zaxxer.hikari.pool.HikariPool.createPoolEntry(HikariPool.java:488)
	at com.zaxxer.hikari.pool.HikariPool.checkFailFast(HikariPool.java:576)
	at com.zaxxer.hikari.pool.HikariPool.<init>(HikariPool.java:97)
	at com.zaxxer.hikari.HikariDataSource.getConnection(HikariDataSource.java:111)
	at org.hibernate.engine.jdbc.connections.internal.DatasourceConnectionProviderImpl.getConnection(DatasourceConnectionProviderImpl.java:126)
	at org.hibernate.engine.jdbc.env.internal.JdbcEnvironmentInitiator$ConnectionProviderJdbcConnectionAccess.obtainConnection(JdbcEnvironmentInitiator.java:483)
	at org.hibernate.resource.transaction.backend.jdbc.internal.JdbcIsolationDelegate.delegateWork(JdbcIsolationDelegate.java:61)
	at org.hibernate.engine.jdbc.env.internal.JdbcEnvironmentInitiator.getJdbcEnvironmentUsingJdbcMetadata(JdbcEnvironmentInitiator.java:336)
	at org.hibernate.engine.jdbc.env.internal.JdbcEnvironmentInitiator.initiateService(JdbcEnvironmentInitiator.java:129)
	at org.hibernate.engine.jdbc.env.internal.JdbcEnvironmentInitiator.initiateService(JdbcEnvironmentInitiator.java:81)
	at org.hibernate.boot.registry.internal.StandardServiceRegistryImpl.initiateService(StandardServiceRegistryImpl.java:130)
	at org.hibernate.service.internal.AbstractServiceRegistryImpl.createService(AbstractServiceRegistryImpl.java:263)
	at org.hibernate.service.internal.AbstractServiceRegistryImpl.initializeService(AbstractServiceRegistryImpl.java:238)
	at org.hibernate.service.internal.AbstractServiceRegistryImpl.getService(AbstractServiceRegistryImpl.java:215)
	at org.hibernate.boot.model.relational.Database.<init>(Database.java:45)
	at org.hibernate.boot.internal.InFlightMetadataCollectorImpl.getDatabase(InFlightMetadataCollectorImpl.java:226)
	at org.hibernate.boot.internal.InFlightMetadataCollectorImpl.<init>(InFlightMetadataCollectorImpl.java:194)
	at org.hibernate.boot.model.process.spi.MetadataBuildingProcess.complete(MetadataBuildingProcess.java:171)
	at org.hibernate.jpa.boot.internal.EntityManagerFactoryBuilderImpl.metadata(EntityManagerFactoryBuilderImpl.java:1442)
	at org.hibernate.jpa.boot.internal.EntityManagerFactoryBuilderImpl.build(EntityManagerFactoryBuilderImpl.java:1513)
	at org.springframework.orm.jpa.vendor.SpringHibernateJpaPersistenceProvider.createContainerEntityManagerFactory(SpringHibernateJpaPersistenceProvider.java:66)
	at org.springframework.orm.jpa.LocalContainerEntityManagerFactoryBean.createNativeEntityManagerFactory(LocalContainerEntityManagerFactoryBean.java:390)
	at org.springframework.orm.jpa.AbstractEntityManagerFactoryBean.buildNativeEntityManagerFactory(AbstractEntityManagerFactoryBean.java:419)
	at org.springframework.orm.jpa.AbstractEntityManagerFactoryBean.afterPropertiesSet(AbstractEntityManagerFactoryBean.java:400)
	at org.springframework.orm.jpa.LocalContainerEntityManagerFactoryBean.afterPropertiesSet(LocalContainerEntityManagerFactoryBean.java:366)
	at org.springframework.beans.factory.support.AbstractAutowireCapableBeanFactory.invokeInitMethods(AbstractAutowireCapableBeanFactory.java:1873)
	at org.springframework.beans.factory.support.AbstractAutowireCapableBeanFactory.initializeBean(AbstractAutowireCapableBeanFactory.java:1822)
	at org.springframework.beans.factory.support.AbstractAutowireCapableBeanFactory.doCreateBean(AbstractAutowireCapableBeanFactory.java:607)
	at org.springframework.beans.factory.support.AbstractAutowireCapableBeanFactory.createBean(AbstractAutowireCapableBeanFactory.java:529)
	at org.springframework.beans.factory.support.AbstractBeanFactory.lambda$doGetBean$0(AbstractBeanFactory.java:339)
	at org.springframework.beans.factory.support.DefaultSingletonBeanRegistry.getSingleton(DefaultSingletonBeanRegistry.java:373)
	at org.springframework.beans.factory.support.AbstractBeanFactory.doGetBean(AbstractBeanFactory.java:337)
	at org.springframework.beans.factory.support.AbstractBeanFactory.getBean(AbstractBeanFactory.java:202)
	at org.springframework.beans.factory.support.BeanDefinitionValueResolver.resolveReference(BeanDefinitionValueResolver.java:365)
	at org.springframework.beans.factory.support.BeanDefinitionValueResolver.resolveValueIfNecessary(BeanDefinitionValueResolver.java:135)
	at org.springframework.beans.factory.support.ConstructorResolver.resolveConstructorArguments(ConstructorResolver.java:691)
	at org.springframework.beans.factory.support.ConstructorResolver.instantiateUsingFactoryMethod(ConstructorResolver.java:513)
	at org.springframework.beans.factory.support.AbstractAutowireCapableBeanFactory.instantiateUsingFactoryMethod(AbstractAutowireCapableBeanFactory.java:1375)
	at org.springframework.beans.factory.support.AbstractAutowireCapableBeanFactory.createBeanInstance(AbstractAutowireCapableBeanFactory.java:1205)
	at org.springframework.beans.factory.support.AbstractAutowireCapableBeanFactory.doCreateBean(AbstractAutowireCapableBeanFactory.java:569)
	at org.springframework.beans.factory.support.AbstractAutowireCapableBeanFactory.createBean(AbstractAutowireCapableBeanFactory.java:529)
	at org.springframework.beans.factory.support.AbstractBeanFactory.lambda$doGetBean$0(AbstractBeanFactory.java:339)
	at org.springframework.beans.factory.support.DefaultSingletonBeanRegistry.getSingleton(DefaultSingletonBeanRegistry.java:373)
	at org.springframework.beans.factory.support.AbstractBeanFactory.doGetBean(AbstractBeanFactory.java:337)
	at org.springframework.beans.factory.support.AbstractBeanFactory.getBean(AbstractBeanFactory.java:202)
	at org.springframework.beans.factory.support.BeanDefinitionValueResolver.resolveReference(BeanDefinitionValueResolver.java:365)
	at org.springframework.beans.factory.support.BeanDefinitionValueResolver.resolveValueIfNecessary(BeanDefinitionValueResolver.java:135)
	at org.springframework.beans.factory.support.AbstractAutowireCapableBeanFactory.applyPropertyValues(AbstractAutowireCapableBeanFactory.java:1725)
	at org.springframework.beans.factory.support.AbstractAutowireCapableBeanFactory.populateBean(AbstractAutowireCapableBeanFactory.java:1474)
	at org.springframework.beans.factory.support.AbstractAutowireCapableBeanFactory.doCreateBean(AbstractAutowireCapableBeanFactory.java:606)
	at org.springframework.beans.factory.support.AbstractAutowireCapableBeanFactory.createBean(AbstractAutowireCapableBeanFactory.java:529)
	at org.springframework.beans.factory.support.AbstractBeanFactory.lambda$doGetBean$0(AbstractBeanFactory.java:339)
	at org.springframework.beans.factory.support.DefaultSingletonBeanRegistry.getSingleton(DefaultSingletonBeanRegistry.java:373)
	at org.springframework.beans.factory.support.AbstractBeanFactory.doGetBean(AbstractBeanFactory.java:337)
	at org.springframework.beans.factory.support.AbstractBeanFactory.getBean(AbstractBeanFactory.java:202)
	at org.springframework.beans.factory.support.DefaultListableBeanFactory.doResolveDependency(DefaultListableBeanFactory.java:1683)
	at org.springframework.beans.factory.support.DefaultListableBeanFactory.resolveDependency(DefaultListableBeanFactory.java:1628)
	at org.springframework.beans.factory.support.ConstructorResolver.resolveAutowiredArgument(ConstructorResolver.java:913)
	at org.springframework.beans.factory.support.ConstructorResolver.createArgumentArray(ConstructorResolver.java:791)
	at org.springframework.beans.factory.support.ConstructorResolver.autowireConstructor(ConstructorResolver.java:240)
	at org.springframework.beans.factory.support.AbstractAutowireCapableBeanFactory.autowireConstructor(AbstractAutowireCapableBeanFactory.java:1395)
	at org.springframework.beans.factory.support.AbstractAutowireCapableBeanFactory.createBeanInstance(AbstractAutowireCapableBeanFactory.java:1232)
	at org.springframework.beans.factory.support.AbstractAutowireCapableBeanFactory.doCreateBean(AbstractAutowireCapableBeanFactory.java:569)
	at org.springframework.beans.factory.support.AbstractAutowireCapableBeanFactory.createBean(AbstractAutowireCapableBeanFactory.java:529)
	at org.springframework.beans.factory.support.AbstractBeanFactory.lambda$doGetBean$0(AbstractBeanFactory.java:339)
	at org.springframework.beans.factory.support.DefaultSingletonBeanRegistry.getSingleton(DefaultSingletonBeanRegistry.java:373)
	at org.springframework.beans.factory.support.AbstractBeanFactory.doGetBean(AbstractBeanFactory.java:337)
	at org.springframework.beans.factory.support.AbstractBeanFactory.getBean(AbstractBeanFactory.java:202)
	at org.springframework.beans.factory.config.DependencyDescriptor.resolveCandidate(DependencyDescriptor.java:254)
	at org.springframework.beans.factory.support.DefaultListableBeanFactory.doResolveDependency(DefaultListableBeanFactory.java:1745)
	at org.springframework.beans.factory.support.DefaultListableBeanFactory.resolveDependency(DefaultListableBeanFactory.java:1628)
	at org.springframework.beans.factory.support.ConstructorResolver.resolveAutowiredArgument(ConstructorResolver.java:913)
	at org.springframework.beans.factory.support.ConstructorResolver.createArgumentArray(ConstructorResolver.java:791)
	at org.springframework.beans.factory.support.ConstructorResolver.autowireConstructor(ConstructorResolver.java:240)
	at org.springframework.beans.factory.support.AbstractAutowireCapableBeanFactory.autowireConstructor(AbstractAutowireCapableBeanFactory.java:1395)
	at org.springframework.beans.factory.support.AbstractAutowireCapableBeanFactory.createBeanInstance(AbstractAutowireCapableBeanFactory.java:1232)
	at org.springframework.beans.factory.support.AbstractAutowireCapableBeanFactory.doCreateBean(AbstractAutowireCapableBeanFactory.java:569)
	at org.springframework.beans.factory.support.AbstractAutowireCapableBeanFactory.createBean(AbstractAutowireCapableBeanFactory.java:529)
	at org.springframework.beans.factory.support.AbstractBeanFactory.lambda$doGetBean$0(AbstractBeanFactory.java:339)
	at org.springframework.beans.factory.support.DefaultSingletonBeanRegistry.getSingleton(DefaultSingletonBeanRegistry.java:373)
	at org.springframework.beans.factory.support.AbstractBeanFactory.doGetBean(AbstractBeanFactory.java:337)
	at org.springframework.beans.factory.support.AbstractBeanFactory.getBean(AbstractBeanFactory.java:207)
	at org.springframework.boot.web.servlet.ServletContextInitializerBeans.getOrderedBeansOfType(ServletContextInitializerBeans.java:230)
	at org.springframework.boot.web.servlet.ServletContextInitializerBeans.addAsRegistrationBean(ServletContextInitializerBeans.java:184)
	at org.springframework.boot.web.servlet.ServletContextInitializerBeans.addAsRegistrationBean(ServletContextInitializerBeans.java:179)
	at org.springframework.boot.web.servlet.ServletContextInitializerBeans.addAdaptableBeans(ServletContextInitializerBeans.java:164)
	at org.springframework.boot.web.servlet.ServletContextInitializerBeans.<init>(ServletContextInitializerBeans.java:96)
	at org.springframework.boot.web.servlet.context.ServletWebServerApplicationContext.getServletContextInitializerBeans(ServletWebServerApplicationContext.java:271)
	at org.springframework.boot.web.servlet.context.ServletWebServerApplicationContext.selfInitialize(ServletWebServerApplicationContext.java:245)
	at org.springframework.boot.web.embedded.tomcat.TomcatStarter.onStartup(TomcatStarter.java:52)
	at org.apache.catalina.core.StandardContext.startInternal(StandardContext.java:4464)
	at org.apache.catalina.util.LifecycleBase.start(LifecycleBase.java:164)
	at org.apache.catalina.core.ContainerBase$StartChild.call(ContainerBase.java:1203)
	at org.apache.catalina.core.ContainerBase$StartChild.call(ContainerBase.java:1193)
	at java.base/java.util.concurrent.FutureTask.run(FutureTask.java:264)
	at org.apache.tomcat.util.threads.InlineExecutorService.execute(InlineExecutorService.java:75)
	at java.base/java.util.concurrent.AbstractExecutorService.submit(AbstractExecutorService.java:145)
	at org.apache.catalina.core.ContainerBase.startInternal(ContainerBase.java:749)
	at org.apache.catalina.core.StandardHost.startInternal(StandardHost.java:772)
	at org.apache.catalina.util.LifecycleBase.start(LifecycleBase.java:164)
	at org.apache.catalina.core.ContainerBase$StartChild.call(ContainerBase.java:1203)
	at org.apache.catalina.core.ContainerBase$StartChild.call(ContainerBase.java:1193)
	at java.base/java.util.concurrent.FutureTask.run(FutureTask.java:264)
	at org.apache.tomcat.util.threads.InlineExecutorService.execute(InlineExecutorService.java:75)
	at java.base/java.util.concurrent.AbstractExecutorService.submit(AbstractExecutorService.java:145)
	at org.apache.catalina.core.ContainerBase.startInternal(ContainerBase.java:749)
	at org.apache.catalina.core.StandardEngine.startInternal(StandardEngine.java:203)
	at org.apache.catalina.util.LifecycleBase.start(LifecycleBase.java:164)
	at org.apache.catalina.core.StandardService.startInternal(StandardService.java:412)
	at org.apache.catalina.util.LifecycleBase.start(LifecycleBase.java:164)
	at org.apache.catalina.core.StandardServer.startInternal(StandardServer.java:870)
	at org.apache.catalina.util.LifecycleBase.start(LifecycleBase.java:164)
	at org.apache.catalina.startup.Tomcat.start(Tomcat.java:438)
	at org.springframework.boot.web.embedded.tomcat.TomcatWebServer.initialize(TomcatWebServer.java:128)
	at org.springframework.boot.web.embedded.tomcat.TomcatWebServer.<init>(TomcatWebServer.java:107)
	at org.springframework.boot.web.embedded.tomcat.TomcatServletWebServerFactory.getTomcatWebServer(TomcatServletWebServerFactory.java:517)
	at org.springframework.boot.web.embedded.tomcat.TomcatServletWebServerFactory.getWebServer(TomcatServletWebServerFactory.java:219)
	at org.springframework.boot.web.servlet.context.ServletWebServerApplicationContext.createWebServer(ServletWebServerApplicationContext.java:193)
	at org.springframework.boot.web.servlet.context.ServletWebServerApplicationContext.onRefresh(ServletWebServerApplicationContext.java:167)
	at org.springframework.context.support.AbstractApplicationContext.refresh(AbstractApplicationContext.java:621)
	at org.springframework.boot.web.servlet.context.ServletWebServerApplicationContext.refresh(ServletWebServerApplicationContext.java:146)
	at org.springframework.boot.SpringApplication.refresh(SpringApplication.java:752)
	at org.springframework.boot.SpringApplication.refreshContext(SpringApplication.java:439)
	at org.springframework.boot.SpringApplication.run(SpringApplication.java:318)
	at org.springframework.boot.SpringApplication.run(SpringApplication.java:1361)
	at org.springframework.boot.SpringApplication.run(SpringApplication.java:1350)
	at gr.aueb.cf.eduapp.EduappApplication.main(EduappApplication.java:12)
	at java.base/jdk.internal.reflect.NativeMethodAccessorImpl.invoke0(Native Method)
	at java.base/jdk.internal.reflect.NativeMethodAccessorImpl.invoke(NativeMethodAccessorImpl.java:77)
	at java.base/jdk.internal.reflect.DelegatingMethodAccessorImpl.invoke(DelegatingMethodAccessorImpl.java:43)
	at java.base/java.lang.reflect.Method.invoke(Method.java:569)
	at org.springframework.boot.devtools.restart.RestartLauncher.run(RestartLauncher.java:50)
Caused by: com.mysql.cj.exceptions.UnableToConnectException: Cannot load connection class because of underlying exception: com.mysql.cj.exceptions.WrongArgumentException: Malformed database URL, failed to parse the main URL sections.
	at java.base/jdk.internal.reflect.NativeConstructorAccessorImpl.newInstance0(Native Method)
	at java.base/jdk.internal.reflect.NativeConstructorAccessorImpl.newInstance(NativeConstructorAccessorImpl.java:77)
	at java.base/jdk.internal.reflect.DelegatingConstructorAccessorImpl.newInstance(DelegatingConstructorAccessorImpl.java:45)
	at java.base/java.lang.reflect.Constructor.newInstanceWithCaller(Constructor.java:500)
	at java.base/java.lang.reflect.Constructor.newInstance(Constructor.java:481)
	at com.mysql.cj.exceptions.ExceptionFactory.createException(ExceptionFactory.java:52)
	at com.mysql.cj.exceptions.ExceptionFactory.createException(ExceptionFactory.java:95)
	... 136 common frames omitted
Caused by: com.mysql.cj.exceptions.WrongArgumentException: Malformed database URL, failed to parse the main URL sections.
	at java.base/jdk.internal.reflect.NativeConstructorAccessorImpl.newInstance0(Native Method)
	at java.base/jdk.internal.reflect.NativeConstructorAccessorImpl.newInstance(NativeConstructorAccessorImpl.java:77)
	at java.base/jdk.internal.reflect.DelegatingConstructorAccessorImpl.newInstance(DelegatingConstructorAccessorImpl.java:45)
	at java.base/java.lang.reflect.Constructor.newInstanceWithCaller(Constructor.java:500)
	at java.base/java.lang.reflect.Constructor.newInstance(Constructor.java:481)
	at com.mysql.cj.exceptions.ExceptionFactory.createException(ExceptionFactory.java:52)
	at com.mysql.cj.conf.ConnectionUrlParser.parseConnectionString(ConnectionUrlParser.java:155)
	at com.mysql.cj.conf.ConnectionUrlParser.<init>(ConnectionUrlParser.java:129)
	at com.mysql.cj.conf.ConnectionUrlParser.parseConnectionString(ConnectionUrlParser.java:111)
	at com.mysql.cj.conf.ConnectionUrl.getConnectionUrlInstance(ConnectionUrl.java:281)
	at com.mysql.cj.jdbc.NonRegisteringDriver.connect(NonRegisteringDriver.java:177)
	... 135 common frames omitted
2025-09-01 19:05:47 DEBUG com.zaxxer.hikari.HikariConfig - HikariPool-1 - configuration:
2025-09-01 19:05:47 DEBUG com.zaxxer.hikari.HikariConfig - allowPoolSuspension.............false
2025-09-01 19:05:47 DEBUG com.zaxxer.hikari.HikariConfig - autoCommit......................true
2025-09-01 19:05:47 DEBUG com.zaxxer.hikari.HikariConfig - catalog.........................none
2025-09-01 19:05:47 DEBUG com.zaxxer.hikari.HikariConfig - connectionInitSql...............none
2025-09-01 19:05:47 DEBUG com.zaxxer.hikari.HikariConfig - connectionTestQuery.............none
2025-09-01 19:05:47 DEBUG com.zaxxer.hikari.HikariConfig - connectionTimeout...............30000
2025-09-01 19:05:47 DEBUG com.zaxxer.hikari.HikariConfig - credentials.....................com.zaxxer.hikari.util.Credentials@ba97ee2
2025-09-01 19:05:47 DEBUG com.zaxxer.hikari.HikariConfig - dataSource......................none
2025-09-01 19:05:47 DEBUG com.zaxxer.hikari.HikariConfig - dataSourceClassName.............none
2025-09-01 19:05:47 DEBUG com.zaxxer.hikari.HikariConfig - dataSourceJNDI..................none
2025-09-01 19:05:47 DEBUG com.zaxxer.hikari.HikariConfig - dataSourceProperties............{password=<masked>}
2025-09-01 19:05:47 DEBUG com.zaxxer.hikari.HikariConfig - driverClassName................."com.mysql.cj.jdbc.Driver"
2025-09-01 19:05:47 DEBUG com.zaxxer.hikari.HikariConfig - exceptionOverride...............none
2025-09-01 19:05:47 DEBUG com.zaxxer.hikari.HikariConfig - exceptionOverrideClassName......none
2025-09-01 19:05:47 DEBUG com.zaxxer.hikari.HikariConfig - healthCheckProperties...........{}
2025-09-01 19:05:47 DEBUG com.zaxxer.hikari.HikariConfig - healthCheckRegistry.............none
2025-09-01 19:05:47 DEBUG com.zaxxer.hikari.HikariConfig - idleTimeout.....................600000
2025-09-01 19:05:47 DEBUG com.zaxxer.hikari.HikariConfig - initializationFailTimeout.......1
2025-09-01 19:05:47 DEBUG com.zaxxer.hikari.HikariConfig - isolateInternalQueries..........false
2025-09-01 19:05:47 DEBUG com.zaxxer.hikari.HikariConfig - jdbcUrl.........................jdbc:mysql://https://195.251.211.5:3306/edudb8?serverTimezone=UTC
2025-09-01 19:05:47 DEBUG com.zaxxer.hikari.HikariConfig - keepaliveTime...................120000
2025-09-01 19:05:47 DEBUG com.zaxxer.hikari.HikariConfig - leakDetectionThreshold..........0
2025-09-01 19:05:47 DEBUG com.zaxxer.hikari.HikariConfig - maxLifetime.....................1800000
2025-09-01 19:05:47 DEBUG com.zaxxer.hikari.HikariConfig - maximumPoolSize.................10
2025-09-01 19:05:47 DEBUG com.zaxxer.hikari.HikariConfig - metricRegistry..................none
2025-09-01 19:05:47 DEBUG com.zaxxer.hikari.HikariConfig - metricsTrackerFactory...........none
2025-09-01 19:05:47 DEBUG com.zaxxer.hikari.HikariConfig - minimumIdle.....................10
2025-09-01 19:05:47 DEBUG com.zaxxer.hikari.HikariConfig - password........................<masked>
2025-09-01 19:05:47 DEBUG com.zaxxer.hikari.HikariConfig - poolName........................"HikariPool-1"
2025-09-01 19:05:47 DEBUG com.zaxxer.hikari.HikariConfig - readOnly........................false
2025-09-01 19:05:47 DEBUG com.zaxxer.hikari.HikariConfig - registerMbeans..................false
2025-09-01 19:05:47 DEBUG com.zaxxer.hikari.HikariConfig - scheduledExecutor...............none
2025-09-01 19:05:47 DEBUG com.zaxxer.hikari.HikariConfig - schema..........................none
2025-09-01 19:05:47 DEBUG com.zaxxer.hikari.HikariConfig - threadFactory...................internal
2025-09-01 19:05:47 DEBUG com.zaxxer.hikari.HikariConfig - transactionIsolation............default
2025-09-01 19:05:47 DEBUG com.zaxxer.hikari.HikariConfig - username........................"user8"
2025-09-01 19:05:47 DEBUG com.zaxxer.hikari.HikariConfig - validationTimeout...............5000
2025-09-01 19:05:47 INFO  com.zaxxer.hikari.HikariDataSource - HikariPool-1 - Starting...
2025-09-01 19:05:47 DEBUG com.zaxxer.hikari.pool.PoolBase - HikariPool-1 - Attempting to create/setup new connection (90286951-d43c-4078-b232-5e6bd71364be)
2025-09-01 19:05:47 DEBUG com.zaxxer.hikari.pool.PoolBase - HikariPool-1 - Failed to create/setup connection (90286951-d43c-4078-b232-5e6bd71364be): Cannot load connection class because of underlying exception: com.mysql.cj.exceptions.WrongArgumentException: Malformed database URL, failed to parse the main URL sections.
2025-09-01 19:05:47 DEBUG com.zaxxer.hikari.pool.HikariPool - HikariPool-1 - Cannot acquire connection from data source
java.sql.SQLNonTransientConnectionException: Cannot load connection class because of underlying exception: com.mysql.cj.exceptions.WrongArgumentException: Malformed database URL, failed to parse the main URL sections.
	at com.mysql.cj.jdbc.exceptions.SQLError.createSQLException(SQLError.java:102)
	at com.mysql.cj.jdbc.exceptions.SQLError.createSQLException(SQLError.java:89)
	at com.mysql.cj.jdbc.exceptions.SQLError.createSQLException(SQLError.java:81)
	at com.mysql.cj.jdbc.exceptions.SQLError.createSQLException(SQLError.java:55)
	at com.mysql.cj.jdbc.exceptions.SQLError.createSQLException(SQLError.java:65)
	at com.mysql.cj.jdbc.exceptions.SQLExceptionsMapping.translateException(SQLExceptionsMapping.java:70)
	at com.mysql.cj.jdbc.exceptions.SQLExceptionsMapping.translateException(SQLExceptionsMapping.java:123)
	at com.mysql.cj.jdbc.NonRegisteringDriver.connect(NonRegisteringDriver.java:203)
	at com.zaxxer.hikari.util.DriverDataSource.getConnection(DriverDataSource.java:144)
	at com.zaxxer.hikari.pool.PoolBase.newConnection(PoolBase.java:368)
	at com.zaxxer.hikari.pool.PoolBase.newPoolEntry(PoolBase.java:205)
	at com.zaxxer.hikari.pool.HikariPool.createPoolEntry(HikariPool.java:488)
	at com.zaxxer.hikari.pool.HikariPool.checkFailFast(HikariPool.java:576)
	at com.zaxxer.hikari.pool.HikariPool.<init>(HikariPool.java:97)
	at com.zaxxer.hikari.HikariDataSource.getConnection(HikariDataSource.java:111)
	at org.hibernate.engine.jdbc.connections.internal.DatasourceConnectionProviderImpl.getConnection(DatasourceConnectionProviderImpl.java:126)
	at org.hibernate.engine.jdbc.env.internal.JdbcEnvironmentInitiator$ConnectionProviderJdbcConnectionAccess.obtainConnection(JdbcEnvironmentInitiator.java:483)
	at org.hibernate.resource.transaction.backend.jdbc.internal.DdlTransactionIsolatorNonJtaImpl.getIsolatedConnection(DdlTransactionIsolatorNonJtaImpl.java:46)
	at org.hibernate.resource.transaction.backend.jdbc.internal.DdlTransactionIsolatorNonJtaImpl.getIsolatedConnection(DdlTransactionIsolatorNonJtaImpl.java:39)
	at org.hibernate.tool.schema.internal.exec.ImprovedExtractionContextImpl.getJdbcConnection(ImprovedExtractionContextImpl.java:63)
	at org.hibernate.tool.schema.internal.exec.ImprovedExtractionContextImpl.getJdbcDatabaseMetaData(ImprovedExtractionContextImpl.java:70)
	at org.hibernate.tool.schema.extract.internal.InformationExtractorJdbcDatabaseMetaDataImpl.processTableResultSet(InformationExtractorJdbcDatabaseMetaDataImpl.java:65)
	at org.hibernate.tool.schema.extract.internal.AbstractInformationExtractorImpl.getTables(AbstractInformationExtractorImpl.java:570)
	at org.hibernate.tool.schema.extract.internal.DatabaseInformationImpl.getTablesInformation(DatabaseInformationImpl.java:122)
	at org.hibernate.tool.schema.internal.GroupedSchemaMigratorImpl.performTablesMigration(GroupedSchemaMigratorImpl.java:72)
	at org.hibernate.tool.schema.internal.AbstractSchemaMigrator.performMigration(AbstractSchemaMigrator.java:233)
	at org.hibernate.tool.schema.internal.AbstractSchemaMigrator.doMigration(AbstractSchemaMigrator.java:112)
	at org.hibernate.tool.schema.spi.SchemaManagementToolCoordinator.performDatabaseAction(SchemaManagementToolCoordinator.java:280)
	at org.hibernate.tool.schema.spi.SchemaManagementToolCoordinator.lambda$process$5(SchemaManagementToolCoordinator.java:144)
	at java.base/java.util.HashMap.forEach(HashMap.java:1421)
	at org.hibernate.tool.schema.spi.SchemaManagementToolCoordinator.process(SchemaManagementToolCoordinator.java:141)
	at org.hibernate.boot.internal.SessionFactoryObserverForSchemaExport.sessionFactoryCreated(SessionFactoryObserverForSchemaExport.java:37)
	at org.hibernate.internal.SessionFactoryObserverChain.sessionFactoryCreated(SessionFactoryObserverChain.java:35)
	at org.hibernate.internal.SessionFactoryImpl.<init>(SessionFactoryImpl.java:324)
	at org.hibernate.boot.internal.SessionFactoryBuilderImpl.build(SessionFactoryBuilderImpl.java:463)
	at org.hibernate.jpa.boot.internal.EntityManagerFactoryBuilderImpl.build(EntityManagerFactoryBuilderImpl.java:1517)
	at org.springframework.orm.jpa.vendor.SpringHibernateJpaPersistenceProvider.createContainerEntityManagerFactory(SpringHibernateJpaPersistenceProvider.java:66)
	at org.springframework.orm.jpa.LocalContainerEntityManagerFactoryBean.createNativeEntityManagerFactory(LocalContainerEntityManagerFactoryBean.java:390)
	at org.springframework.orm.jpa.AbstractEntityManagerFactoryBean.buildNativeEntityManagerFactory(AbstractEntityManagerFactoryBean.java:419)
	at org.springframework.orm.jpa.AbstractEntityManagerFactoryBean.afterPropertiesSet(AbstractEntityManagerFactoryBean.java:400)
	at org.springframework.orm.jpa.LocalContainerEntityManagerFactoryBean.afterPropertiesSet(LocalContainerEntityManagerFactoryBean.java:366)
	at org.springframework.beans.factory.support.AbstractAutowireCapableBeanFactory.invokeInitMethods(AbstractAutowireCapableBeanFactory.java:1873)
	at org.springframework.beans.factory.support.AbstractAutowireCapableBeanFactory.initializeBean(AbstractAutowireCapableBeanFactory.java:1822)
	at org.springframework.beans.factory.support.AbstractAutowireCapableBeanFactory.doCreateBean(AbstractAutowireCapableBeanFactory.java:607)
	at org.springframework.beans.factory.support.AbstractAutowireCapableBeanFactory.createBean(AbstractAutowireCapableBeanFactory.java:529)
	at org.springframework.beans.factory.support.AbstractBeanFactory.lambda$doGetBean$0(AbstractBeanFactory.java:339)
	at org.springframework.beans.factory.support.DefaultSingletonBeanRegistry.getSingleton(DefaultSingletonBeanRegistry.java:373)
	at org.springframework.beans.factory.support.AbstractBeanFactory.doGetBean(AbstractBeanFactory.java:337)
	at org.springframework.beans.factory.support.AbstractBeanFactory.getBean(AbstractBeanFactory.java:202)
	at org.springframework.beans.factory.support.BeanDefinitionValueResolver.resolveReference(BeanDefinitionValueResolver.java:365)
	at org.springframework.beans.factory.support.BeanDefinitionValueResolver.resolveValueIfNecessary(BeanDefinitionValueResolver.java:135)
	at org.springframework.beans.factory.support.ConstructorResolver.resolveConstructorArguments(ConstructorResolver.java:691)
	at org.springframework.beans.factory.support.ConstructorResolver.instantiateUsingFactoryMethod(ConstructorResolver.java:513)
	at org.springframework.beans.factory.support.AbstractAutowireCapableBeanFactory.instantiateUsingFactoryMethod(AbstractAutowireCapableBeanFactory.java:1375)
	at org.springframework.beans.factory.support.AbstractAutowireCapableBeanFactory.createBeanInstance(AbstractAutowireCapableBeanFactory.java:1205)
	at org.springframework.beans.factory.support.AbstractAutowireCapableBeanFactory.doCreateBean(AbstractAutowireCapableBeanFactory.java:569)
	at org.springframework.beans.factory.support.AbstractAutowireCapableBeanFactory.createBean(AbstractAutowireCapableBeanFactory.java:529)
	at org.springframework.beans.factory.support.AbstractBeanFactory.lambda$doGetBean$0(AbstractBeanFactory.java:339)
	at org.springframework.beans.factory.support.DefaultSingletonBeanRegistry.getSingleton(DefaultSingletonBeanRegistry.java:373)
	at org.springframework.beans.factory.support.AbstractBeanFactory.doGetBean(AbstractBeanFactory.java:337)
	at org.springframework.beans.factory.support.AbstractBeanFactory.getBean(AbstractBeanFactory.java:202)
	at org.springframework.beans.factory.support.BeanDefinitionValueResolver.resolveReference(BeanDefinitionValueResolver.java:365)
	at org.springframework.beans.factory.support.BeanDefinitionValueResolver.resolveValueIfNecessary(BeanDefinitionValueResolver.java:135)
	at org.springframework.beans.factory.support.AbstractAutowireCapableBeanFactory.applyPropertyValues(AbstractAutowireCapableBeanFactory.java:1725)
	at org.springframework.beans.factory.support.AbstractAutowireCapableBeanFactory.populateBean(AbstractAutowireCapableBeanFactory.java:1474)
	at org.springframework.beans.factory.support.AbstractAutowireCapableBeanFactory.doCreateBean(AbstractAutowireCapableBeanFactory.java:606)
	at org.springframework.beans.factory.support.AbstractAutowireCapableBeanFactory.createBean(AbstractAutowireCapableBeanFactory.java:529)
	at org.springframework.beans.factory.support.AbstractBeanFactory.lambda$doGetBean$0(AbstractBeanFactory.java:339)
	at org.springframework.beans.factory.support.DefaultSingletonBeanRegistry.getSingleton(DefaultSingletonBeanRegistry.java:373)
	at org.springframework.beans.factory.support.AbstractBeanFactory.doGetBean(AbstractBeanFactory.java:337)
	at org.springframework.beans.factory.support.AbstractBeanFactory.getBean(AbstractBeanFactory.java:202)
	at org.springframework.beans.factory.support.DefaultListableBeanFactory.doResolveDependency(DefaultListableBeanFactory.java:1683)
	at org.springframework.beans.factory.support.DefaultListableBeanFactory.resolveDependency(DefaultListableBeanFactory.java:1628)
	at org.springframework.beans.factory.support.ConstructorResolver.resolveAutowiredArgument(ConstructorResolver.java:913)
	at org.springframework.beans.factory.support.ConstructorResolver.createArgumentArray(ConstructorResolver.java:791)
	at org.springframework.beans.factory.support.ConstructorResolver.autowireConstructor(ConstructorResolver.java:240)
	at org.springframework.beans.factory.support.AbstractAutowireCapableBeanFactory.autowireConstructor(AbstractAutowireCapableBeanFactory.java:1395)
	at org.springframework.beans.factory.support.AbstractAutowireCapableBeanFactory.createBeanInstance(AbstractAutowireCapableBeanFactory.java:1232)
	at org.springframework.beans.factory.support.AbstractAutowireCapableBeanFactory.doCreateBean(AbstractAutowireCapableBeanFactory.java:569)
	at org.springframework.beans.factory.support.AbstractAutowireCapableBeanFactory.createBean(AbstractAutowireCapableBeanFactory.java:529)
	at org.springframework.beans.factory.support.AbstractBeanFactory.lambda$doGetBean$0(AbstractBeanFactory.java:339)
	at org.springframework.beans.factory.support.DefaultSingletonBeanRegistry.getSingleton(DefaultSingletonBeanRegistry.java:373)
	at org.springframework.beans.factory.support.AbstractBeanFactory.doGetBean(AbstractBeanFactory.java:337)
	at org.springframework.beans.factory.support.AbstractBeanFactory.getBean(AbstractBeanFactory.java:202)
	at org.springframework.beans.factory.config.DependencyDescriptor.resolveCandidate(DependencyDescriptor.java:254)
	at org.springframework.beans.factory.support.DefaultListableBeanFactory.doResolveDependency(DefaultListableBeanFactory.java:1745)
	at org.springframework.beans.factory.support.DefaultListableBeanFactory.resolveDependency(DefaultListableBeanFactory.java:1628)
	at org.springframework.beans.factory.support.ConstructorResolver.resolveAutowiredArgument(ConstructorResolver.java:913)
	at org.springframework.beans.factory.support.ConstructorResolver.createArgumentArray(ConstructorResolver.java:791)
	at org.springframework.beans.factory.support.ConstructorResolver.autowireConstructor(ConstructorResolver.java:240)
	at org.springframework.beans.factory.support.AbstractAutowireCapableBeanFactory.autowireConstructor(AbstractAutowireCapableBeanFactory.java:1395)
	at org.springframework.beans.factory.support.AbstractAutowireCapableBeanFactory.createBeanInstance(AbstractAutowireCapableBeanFactory.java:1232)
	at org.springframework.beans.factory.support.AbstractAutowireCapableBeanFactory.doCreateBean(AbstractAutowireCapableBeanFactory.java:569)
	at org.springframework.beans.factory.support.AbstractAutowireCapableBeanFactory.createBean(AbstractAutowireCapableBeanFactory.java:529)
	at org.springframework.beans.factory.support.AbstractBeanFactory.lambda$doGetBean$0(AbstractBeanFactory.java:339)
	at org.springframework.beans.factory.support.DefaultSingletonBeanRegistry.getSingleton(DefaultSingletonBeanRegistry.java:373)
	at org.springframework.beans.factory.support.AbstractBeanFactory.doGetBean(AbstractBeanFactory.java:337)
	at org.springframework.beans.factory.support.AbstractBeanFactory.getBean(AbstractBeanFactory.java:207)
	at org.springframework.boot.web.servlet.ServletContextInitializerBeans.getOrderedBeansOfType(ServletContextInitializerBeans.java:230)
	at org.springframework.boot.web.servlet.ServletContextInitializerBeans.addAsRegistrationBean(ServletContextInitializerBeans.java:184)
	at org.springframework.boot.web.servlet.ServletContextInitializerBeans.addAsRegistrationBean(ServletContextInitializerBeans.java:179)
	at org.springframework.boot.web.servlet.ServletContextInitializerBeans.addAdaptableBeans(ServletContextInitializerBeans.java:164)
	at org.springframework.boot.web.servlet.ServletContextInitializerBeans.<init>(ServletContextInitializerBeans.java:96)
	at org.springframework.boot.web.servlet.context.ServletWebServerApplicationContext.getServletContextInitializerBeans(ServletWebServerApplicationContext.java:271)
	at org.springframework.boot.web.servlet.context.ServletWebServerApplicationContext.selfInitialize(ServletWebServerApplicationContext.java:245)
	at org.springframework.boot.web.embedded.tomcat.TomcatStarter.onStartup(TomcatStarter.java:52)
	at org.apache.catalina.core.StandardContext.startInternal(StandardContext.java:4464)
	at org.apache.catalina.util.LifecycleBase.start(LifecycleBase.java:164)
	at org.apache.catalina.core.ContainerBase$StartChild.call(ContainerBase.java:1203)
	at org.apache.catalina.core.ContainerBase$StartChild.call(ContainerBase.java:1193)
	at java.base/java.util.concurrent.FutureTask.run(FutureTask.java:264)
	at org.apache.tomcat.util.threads.InlineExecutorService.execute(InlineExecutorService.java:75)
	at java.base/java.util.concurrent.AbstractExecutorService.submit(AbstractExecutorService.java:145)
	at org.apache.catalina.core.ContainerBase.startInternal(ContainerBase.java:749)
	at org.apache.catalina.core.StandardHost.startInternal(StandardHost.java:772)
	at org.apache.catalina.util.LifecycleBase.start(LifecycleBase.java:164)
	at org.apache.catalina.core.ContainerBase$StartChild.call(ContainerBase.java:1203)
	at org.apache.catalina.core.ContainerBase$StartChild.call(ContainerBase.java:1193)
	at java.base/java.util.concurrent.FutureTask.run(FutureTask.java:264)
	at org.apache.tomcat.util.threads.InlineExecutorService.execute(InlineExecutorService.java:75)
	at java.base/java.util.concurrent.AbstractExecutorService.submit(AbstractExecutorService.java:145)
	at org.apache.catalina.core.ContainerBase.startInternal(ContainerBase.java:749)
	at org.apache.catalina.core.StandardEngine.startInternal(StandardEngine.java:203)
	at org.apache.catalina.util.LifecycleBase.start(LifecycleBase.java:164)
	at org.apache.catalina.core.StandardService.startInternal(StandardService.java:412)
	at org.apache.catalina.util.LifecycleBase.start(LifecycleBase.java:164)
	at org.apache.catalina.core.StandardServer.startInternal(StandardServer.java:870)
	at org.apache.catalina.util.LifecycleBase.start(LifecycleBase.java:164)
	at org.apache.catalina.startup.Tomcat.start(Tomcat.java:438)
	at org.springframework.boot.web.embedded.tomcat.TomcatWebServer.initialize(TomcatWebServer.java:128)
	at org.springframework.boot.web.embedded.tomcat.TomcatWebServer.<init>(TomcatWebServer.java:107)
	at org.springframework.boot.web.embedded.tomcat.TomcatServletWebServerFactory.getTomcatWebServer(TomcatServletWebServerFactory.java:517)
	at org.springframework.boot.web.embedded.tomcat.TomcatServletWebServerFactory.getWebServer(TomcatServletWebServerFactory.java:219)
	at org.springframework.boot.web.servlet.context.ServletWebServerApplicationContext.createWebServer(ServletWebServerApplicationContext.java:193)
	at org.springframework.boot.web.servlet.context.ServletWebServerApplicationContext.onRefresh(ServletWebServerApplicationContext.java:167)
	at org.springframework.context.support.AbstractApplicationContext.refresh(AbstractApplicationContext.java:621)
	at org.springframework.boot.web.servlet.context.ServletWebServerApplicationContext.refresh(ServletWebServerApplicationContext.java:146)
	at org.springframework.boot.SpringApplication.refresh(SpringApplication.java:752)
	at org.springframework.boot.SpringApplication.refreshContext(SpringApplication.java:439)
	at org.springframework.boot.SpringApplication.run(SpringApplication.java:318)
	at org.springframework.boot.SpringApplication.run(SpringApplication.java:1361)
	at org.springframework.boot.SpringApplication.run(SpringApplication.java:1350)
	at gr.aueb.cf.eduapp.EduappApplication.main(EduappApplication.java:12)
	at java.base/jdk.internal.reflect.NativeMethodAccessorImpl.invoke0(Native Method)
	at java.base/jdk.internal.reflect.NativeMethodAccessorImpl.invoke(NativeMethodAccessorImpl.java:77)
	at java.base/jdk.internal.reflect.DelegatingMethodAccessorImpl.invoke(DelegatingMethodAccessorImpl.java:43)
	at java.base/java.lang.reflect.Method.invoke(Method.java:569)
	at org.springframework.boot.devtools.restart.RestartLauncher.run(RestartLauncher.java:50)
Caused by: com.mysql.cj.exceptions.UnableToConnectException: Cannot load connection class because of underlying exception: com.mysql.cj.exceptions.WrongArgumentException: Malformed database URL, failed to parse the main URL sections.
	at java.base/jdk.internal.reflect.NativeConstructorAccessorImpl.newInstance0(Native Method)
	at java.base/jdk.internal.reflect.NativeConstructorAccessorImpl.newInstance(NativeConstructorAccessorImpl.java:77)
	at java.base/jdk.internal.reflect.DelegatingConstructorAccessorImpl.newInstance(DelegatingConstructorAccessorImpl.java:45)
	at java.base/java.lang.reflect.Constructor.newInstanceWithCaller(Constructor.java:500)
	at java.base/java.lang.reflect.Constructor.newInstance(Constructor.java:481)
	at com.mysql.cj.exceptions.ExceptionFactory.createException(ExceptionFactory.java:52)
	at com.mysql.cj.exceptions.ExceptionFactory.createException(ExceptionFactory.java:95)
	... 141 common frames omitted
Caused by: com.mysql.cj.exceptions.WrongArgumentException: Malformed database URL, failed to parse the main URL sections.
	at java.base/jdk.internal.reflect.NativeConstructorAccessorImpl.newInstance0(Native Method)
	at java.base/jdk.internal.reflect.NativeConstructorAccessorImpl.newInstance(NativeConstructorAccessorImpl.java:77)
	at java.base/jdk.internal.reflect.DelegatingConstructorAccessorImpl.newInstance(DelegatingConstructorAccessorImpl.java:45)
	at java.base/java.lang.reflect.Constructor.newInstanceWithCaller(Constructor.java:500)
	at java.base/java.lang.reflect.Constructor.newInstance(Constructor.java:481)
	at com.mysql.cj.exceptions.ExceptionFactory.createException(ExceptionFactory.java:52)
	at com.mysql.cj.conf.ConnectionUrlParser.parseConnectionString(ConnectionUrlParser.java:155)
	at com.mysql.cj.conf.ConnectionUrlParser.<init>(ConnectionUrlParser.java:129)
	at com.mysql.cj.conf.ConnectionUrlParser.parseConnectionString(ConnectionUrlParser.java:111)
	at com.mysql.cj.conf.ConnectionUrl.getConnectionUrlInstance(ConnectionUrl.java:281)
	at com.mysql.cj.jdbc.NonRegisteringDriver.connect(NonRegisteringDriver.java:177)
	... 140 common frames omitted
2025-09-01 19:15:26 DEBUG com.zaxxer.hikari.HikariConfig - Class com.mysql.cj.jdbc.Driver found in Thread context class loader TomcatEmbeddedWebappClassLoader
  context: ROOT
  delegate: true
----------> Parent Classloader:
org.springframework.boot.devtools.restart.classloader.RestartClassLoader@70c88bfe

2025-09-01 19:15:27 DEBUG com.zaxxer.hikari.HikariConfig - HikariPool-1 - configuration:
2025-09-01 19:15:27 DEBUG com.zaxxer.hikari.HikariConfig - allowPoolSuspension.............false
2025-09-01 19:15:27 DEBUG com.zaxxer.hikari.HikariConfig - autoCommit......................true
2025-09-01 19:15:27 DEBUG com.zaxxer.hikari.HikariConfig - catalog.........................none
2025-09-01 19:15:27 DEBUG com.zaxxer.hikari.HikariConfig - connectionInitSql...............none
2025-09-01 19:15:27 DEBUG com.zaxxer.hikari.HikariConfig - connectionTestQuery.............none
2025-09-01 19:15:27 DEBUG com.zaxxer.hikari.HikariConfig - connectionTimeout...............30000
2025-09-01 19:15:27 DEBUG com.zaxxer.hikari.HikariConfig - credentials.....................com.zaxxer.hikari.util.Credentials@3bf938c2
2025-09-01 19:15:27 DEBUG com.zaxxer.hikari.HikariConfig - dataSource......................none
2025-09-01 19:15:27 DEBUG com.zaxxer.hikari.HikariConfig - dataSourceClassName.............none
2025-09-01 19:15:27 DEBUG com.zaxxer.hikari.HikariConfig - dataSourceJNDI..................none
2025-09-01 19:15:27 DEBUG com.zaxxer.hikari.HikariConfig - dataSourceProperties............{password=<masked>}
2025-09-01 19:15:27 DEBUG com.zaxxer.hikari.HikariConfig - driverClassName................."com.mysql.cj.jdbc.Driver"
2025-09-01 19:15:27 DEBUG com.zaxxer.hikari.HikariConfig - exceptionOverride...............none
2025-09-01 19:15:27 DEBUG com.zaxxer.hikari.HikariConfig - exceptionOverrideClassName......none
2025-09-01 19:15:27 DEBUG com.zaxxer.hikari.HikariConfig - healthCheckProperties...........{}
2025-09-01 19:15:27 DEBUG com.zaxxer.hikari.HikariConfig - healthCheckRegistry.............none
2025-09-01 19:15:27 DEBUG com.zaxxer.hikari.HikariConfig - idleTimeout.....................600000
2025-09-01 19:15:27 DEBUG com.zaxxer.hikari.HikariConfig - initializationFailTimeout.......1
2025-09-01 19:15:27 DEBUG com.zaxxer.hikari.HikariConfig - isolateInternalQueries..........false
2025-09-01 19:15:27 DEBUG com.zaxxer.hikari.HikariConfig - jdbcUrl.........................jdbc:mysql://localhost:3306/edudb8?serverTimezone=UTC
2025-09-01 19:15:27 DEBUG com.zaxxer.hikari.HikariConfig - keepaliveTime...................120000
2025-09-01 19:15:27 DEBUG com.zaxxer.hikari.HikariConfig - leakDetectionThreshold..........0
2025-09-01 19:15:27 DEBUG com.zaxxer.hikari.HikariConfig - maxLifetime.....................1800000
2025-09-01 19:15:27 DEBUG com.zaxxer.hikari.HikariConfig - maximumPoolSize.................10
2025-09-01 19:15:27 DEBUG com.zaxxer.hikari.HikariConfig - metricRegistry..................none
2025-09-01 19:15:27 DEBUG com.zaxxer.hikari.HikariConfig - metricsTrackerFactory...........none
2025-09-01 19:15:27 DEBUG com.zaxxer.hikari.HikariConfig - minimumIdle.....................10
2025-09-01 19:15:27 DEBUG com.zaxxer.hikari.HikariConfig - password........................<masked>
2025-09-01 19:15:27 DEBUG com.zaxxer.hikari.HikariConfig - poolName........................"HikariPool-1"
2025-09-01 19:15:27 DEBUG com.zaxxer.hikari.HikariConfig - readOnly........................false
2025-09-01 19:15:27 DEBUG com.zaxxer.hikari.HikariConfig - registerMbeans..................false
2025-09-01 19:15:27 DEBUG com.zaxxer.hikari.HikariConfig - scheduledExecutor...............none
2025-09-01 19:15:27 DEBUG com.zaxxer.hikari.HikariConfig - schema..........................none
2025-09-01 19:15:27 DEBUG com.zaxxer.hikari.HikariConfig - threadFactory...................internal
2025-09-01 19:15:27 DEBUG com.zaxxer.hikari.HikariConfig - transactionIsolation............default
2025-09-01 19:15:27 DEBUG com.zaxxer.hikari.HikariConfig - username........................"user8"
2025-09-01 19:15:27 DEBUG com.zaxxer.hikari.HikariConfig - validationTimeout...............5000
2025-09-01 19:15:27 INFO  com.zaxxer.hikari.HikariDataSource - HikariPool-1 - Starting...
2025-09-01 19:15:27 DEBUG com.zaxxer.hikari.pool.PoolBase - HikariPool-1 - Attempting to create/setup new connection (95ee4d65-5af7-4d33-97fd-cda0389b033d)
2025-09-01 19:15:28 DEBUG com.zaxxer.hikari.pool.PoolBase - HikariPool-1 - Established new connection (95ee4d65-5af7-4d33-97fd-cda0389b033d)
2025-09-01 19:15:28 INFO  com.zaxxer.hikari.pool.HikariPool - HikariPool-1 - Added connection com.mysql.cj.jdbc.ConnectionImpl@1eeb07d2
2025-09-01 19:15:28 INFO  com.zaxxer.hikari.HikariDataSource - HikariPool-1 - Start completed.
2025-09-01 19:15:28 DEBUG com.zaxxer.hikari.pool.HikariPool - HikariPool-1 - Pool stats (total=1/10, idle=0/10, active=1, waiting=0)
2025-09-01 19:15:28 DEBUG com.zaxxer.hikari.pool.PoolBase - HikariPool-1 - Attempting to create/setup new connection (cfc2bb4f-8485-4e42-b42d-cce8a70a1d1e)
2025-09-01 19:15:28 DEBUG com.zaxxer.hikari.pool.PoolBase - HikariPool-1 - Established new connection (cfc2bb4f-8485-4e42-b42d-cce8a70a1d1e)
2025-09-01 19:15:28 DEBUG com.zaxxer.hikari.pool.HikariPool - HikariPool-1 - Added connection com.mysql.cj.jdbc.ConnectionImpl@e6cfcbe
2025-09-01 19:15:28 DEBUG com.zaxxer.hikari.pool.HikariPool - HikariPool-1 - After adding stats (total=2/10, idle=1/10, active=1, waiting=0)
2025-09-01 19:15:28 DEBUG com.zaxxer.hikari.pool.PoolBase - HikariPool-1 - Attempting to create/setup new connection (c0543e9c-cb5b-4a69-97d8-e89eb888cd0e)
2025-09-01 19:15:28 DEBUG com.zaxxer.hikari.pool.PoolBase - HikariPool-1 - Established new connection (c0543e9c-cb5b-4a69-97d8-e89eb888cd0e)
2025-09-01 19:15:28 DEBUG com.zaxxer.hikari.pool.HikariPool - HikariPool-1 - Added connection com.mysql.cj.jdbc.ConnectionImpl@6e4303f1
2025-09-01 19:15:28 DEBUG com.zaxxer.hikari.pool.HikariPool - HikariPool-1 - After adding stats (total=3/10, idle=3/10, active=0, waiting=0)
2025-09-01 19:15:28 DEBUG com.zaxxer.hikari.pool.PoolBase - HikariPool-1 - Attempting to create/setup new connection (44842759-2ba4-4fbb-b4c5-dbe294a6b085)
2025-09-01 19:15:28 DEBUG com.zaxxer.hikari.pool.PoolBase - HikariPool-1 - Established new connection (44842759-2ba4-4fbb-b4c5-dbe294a6b085)
2025-09-01 19:15:28 DEBUG com.zaxxer.hikari.pool.HikariPool - HikariPool-1 - Added connection com.mysql.cj.jdbc.ConnectionImpl@72a6589
2025-09-01 19:15:28 DEBUG com.zaxxer.hikari.pool.HikariPool - HikariPool-1 - After adding stats (total=4/10, idle=4/10, active=0, waiting=0)
2025-09-01 19:15:28 DEBUG com.zaxxer.hikari.pool.PoolBase - HikariPool-1 - Attempting to create/setup new connection (6c7fe8ce-a31d-49b8-bd1f-72568ddfdf39)
2025-09-01 19:15:28 DEBUG com.zaxxer.hikari.pool.PoolBase - HikariPool-1 - Established new connection (6c7fe8ce-a31d-49b8-bd1f-72568ddfdf39)
2025-09-01 19:15:28 DEBUG com.zaxxer.hikari.pool.HikariPool - HikariPool-1 - Added connection com.mysql.cj.jdbc.ConnectionImpl@6a0d991b
2025-09-01 19:15:28 DEBUG com.zaxxer.hikari.pool.HikariPool - HikariPool-1 - After adding stats (total=5/10, idle=5/10, active=0, waiting=0)
2025-09-01 19:15:28 DEBUG com.zaxxer.hikari.pool.PoolBase - HikariPool-1 - Attempting to create/setup new connection (d17162ca-3228-4f78-8146-c3b7674fa9d2)
2025-09-01 19:15:28 DEBUG com.zaxxer.hikari.pool.PoolBase - HikariPool-1 - Established new connection (d17162ca-3228-4f78-8146-c3b7674fa9d2)
2025-09-01 19:15:28 DEBUG com.zaxxer.hikari.pool.HikariPool - HikariPool-1 - Added connection com.mysql.cj.jdbc.ConnectionImpl@599f03dd
2025-09-01 19:15:28 DEBUG com.zaxxer.hikari.pool.HikariPool - HikariPool-1 - After adding stats (total=6/10, idle=6/10, active=0, waiting=0)
2025-09-01 19:15:28 DEBUG com.zaxxer.hikari.pool.PoolBase - HikariPool-1 - Attempting to create/setup new connection (e675a0f5-791f-4696-bfc8-44cd0d0096ab)
2025-09-01 19:15:28 DEBUG com.zaxxer.hikari.pool.PoolBase - HikariPool-1 - Established new connection (e675a0f5-791f-4696-bfc8-44cd0d0096ab)
2025-09-01 19:15:28 DEBUG com.zaxxer.hikari.pool.HikariPool - HikariPool-1 - Added connection com.mysql.cj.jdbc.ConnectionImpl@79b22e5a
2025-09-01 19:15:28 DEBUG com.zaxxer.hikari.pool.HikariPool - HikariPool-1 - After adding stats (total=7/10, idle=7/10, active=0, waiting=0)
2025-09-01 19:15:28 DEBUG com.zaxxer.hikari.pool.PoolBase - HikariPool-1 - Attempting to create/setup new connection (6746c292-eb05-4a68-a52d-fca0babe64e9)
2025-09-01 19:15:28 DEBUG com.zaxxer.hikari.pool.PoolBase - HikariPool-1 - Established new connection (6746c292-eb05-4a68-a52d-fca0babe64e9)
2025-09-01 19:15:28 DEBUG com.zaxxer.hikari.pool.HikariPool - HikariPool-1 - Added connection com.mysql.cj.jdbc.ConnectionImpl@3c75e219
2025-09-01 19:15:28 DEBUG com.zaxxer.hikari.pool.HikariPool - HikariPool-1 - After adding stats (total=8/10, idle=8/10, active=0, waiting=0)
2025-09-01 19:15:28 DEBUG com.zaxxer.hikari.pool.PoolBase - HikariPool-1 - Attempting to create/setup new connection (9c4197a0-d824-426b-a578-14a22e78d19f)
2025-09-01 19:15:28 DEBUG com.zaxxer.hikari.pool.PoolBase - HikariPool-1 - Established new connection (9c4197a0-d824-426b-a578-14a22e78d19f)
2025-09-01 19:15:28 DEBUG com.zaxxer.hikari.pool.HikariPool - HikariPool-1 - Added connection com.mysql.cj.jdbc.ConnectionImpl@2671c9c3
2025-09-01 19:15:28 DEBUG com.zaxxer.hikari.pool.HikariPool - HikariPool-1 - After adding stats (total=9/10, idle=9/10, active=0, waiting=0)
2025-09-01 19:15:28 DEBUG com.zaxxer.hikari.pool.PoolBase - HikariPool-1 - Attempting to create/setup new connection (3e0ebadc-9a30-464e-b524-4e4bdc540633)
2025-09-01 19:15:28 DEBUG com.zaxxer.hikari.pool.PoolBase - HikariPool-1 - Established new connection (3e0ebadc-9a30-464e-b524-4e4bdc540633)
2025-09-01 19:15:28 DEBUG com.zaxxer.hikari.pool.HikariPool - HikariPool-1 - Added connection com.mysql.cj.jdbc.ConnectionImpl@43fbaf1
2025-09-01 19:15:28 DEBUG com.zaxxer.hikari.pool.HikariPool - HikariPool-1 - After adding stats (total=10/10, idle=10/10, active=0, waiting=0)
2025-09-01 19:15:28 DEBUG com.zaxxer.hikari.pool.HikariPool - HikariPool-1 - Connection not added, stats (total=10/10, idle=10/10, active=0, waiting=0)
2025-09-01 19:15:58 DEBUG com.zaxxer.hikari.pool.HikariPool - HikariPool-1 - Pool stats (total=10/10, idle=10/10, active=0, waiting=0)
2025-09-01 19:15:58 DEBUG com.zaxxer.hikari.pool.HikariPool - HikariPool-1 - Fill pool skipped, pool has sufficient level or currently being filled.
2025-09-01 19:16:28 DEBUG com.zaxxer.hikari.pool.HikariPool - HikariPool-1 - Pool stats (total=10/10, idle=10/10, active=0, waiting=0)
2025-09-01 19:16:28 DEBUG com.zaxxer.hikari.pool.HikariPool - HikariPool-1 - Fill pool skipped, pool has sufficient level or currently being filled.
